Build started 12/9/2016 4:22:14 PM.
     1>Project "C:\Users\Alex\Documents\GitHub\Snake-MASM\Snake 32-Bit\Project.vcxproj" on node 2 (Build target(s)).
     1>_MASM:
         Assembling Snake.asm...
         cmd.exe /C "C:\Users\Alex\AppData\Local\Temp\tmp327525b9b10c4207b9072455b599d165.cmd"
         ml.exe /c /nologo /Sg /WX /Zi /Fo"Debug\Snake.obj" /Fl"Project.lst" /I "c:\Irvine" /W3 /errorReport:prompt  /TaSnake.asm
     1>Snake.asm(58): error A2037: statement not allowed inside structure definition
     1>Snake.asm(59): error A2037: statement not allowed inside structure definition
     1>Snake.asm(61): error A2037: statement not allowed inside structure definition
     1>Snake.asm(63): error A2037: statement not allowed inside structure definition
     1>Snake.asm(64): error A2037: statement not allowed inside structure definition
     1>Snake.asm(65): error A2037: statement not allowed inside structure definition
     1>Snake.asm(67): error A2037: statement not allowed inside structure definition
     1>Snake.asm(69): error A2037: statement not allowed inside structure definition
     1>Snake.asm(72): error A2037: statement not allowed inside structure definition
     1>Snake.asm(73): warning A6006: structure contains no members
     1>Snake.asm(33): error A2076: jump destination must specify a label
     1>Snake.asm(81): error A2006: undefined symbol : GetKeyM
     1>C:\Program Files (x86)\MSBuild\Microsoft.Cpp\v4.0\V140\BuildCustomizations\masm.targets(50,5): error MSB3721: The command "ml.exe /c /nologo /Sg /WX /Zi /Fo"Debug\Snake.obj" /Fl"Project.lst" /I "c:\Irvine" /W3 /errorReport:prompt  /TaSnake.asm" exited with code 1.
     1>Done Building Project "C:\Users\Alex\Documents\GitHub\Snake-MASM\Snake 32-Bit\Project.vcxproj" (Build target(s)) -- FAILED.

Build FAILED.

Time Elapsed 00:00:00.23
